<?xml version="1.0" encoding="UTF-8"?>
<!-- Generated by org.testng.reporters.JUnitXMLReporter -->
<testsuite hostname="DESKTOP-N6NEUQU" ignored="0" name="Default test" tests="15" failures="0" timestamp="08 Jul 2019 16:10:18 GMT" time="381.452" errors="0">
  <testcase name="dataone" time="11.685" classname="mukesotwanidatadriven.ReadExcel"/>
  <testcase name="dataone" time="6.991" classname="mukesotwanidatadriven.ReadExcel"/>
  <testcase name="dataone" time="6.904" classname="mukesotwanidatadriven.ReadExcel"/>
  <testcase name="dataone" time="6.487" classname="mukesotwanidatadriven.ReadExcel"/>
  <testcase name="dataone" time="6.469" classname="mukesotwanidatadriven.ReadExcel"/>
  <testcase name="dataone" time="6.434" classname="mukesotwanidatadriven.ReadExcel"/>
  <testcase name="dataone" time="6.47" classname="mukesotwanidatadriven.ReadExcel"/>
  <testcase name="dataone" time="6.531" classname="mukesotwanidatadriven.ReadExcel"/>
  <testcase name="dataone" time="6.568" classname="mukesotwanidatadriven.ReadExcel"/>
  <testcase name="dataone" time="6.493" classname="mukesotwanidatadriven.ReadExcel"/>
  <testcase name="dataone" time="6.47" classname="mukesotwanidatadriven.ReadExcel"/>
  <testcase name="dataone" time="6.504" classname="mukesotwanidatadriven.ReadExcel"/>
  <testcase name="dataone" time="6.489" classname="mukesotwanidatadriven.ReadExcel"/>
  <testcase name="dataone" time="6.562" classname="mukesotwanidatadriven.ReadExcel"/>
  <testcase name="dataone" time="6.546" classname="mukesotwanidatadriven.ReadExcel"/>
</testsuite> <!-- Default test -->
