<?xml version="1.0" encoding="UTF-8"?>
<testng-results skipped="0" failed="0" ignored="0" total="15" passed="15">
  <reporter-output>
  </reporter-output>
  <suite name="Default suite" duration-ms="381452" started-at="2019-07-08T16:03:57Z" finished-at="2019-07-08T16:10:18Z">
    <groups>
    </groups>
    <test name="Default test" duration-ms="381452" started-at="2019-07-08T16:03:57Z" finished-at="2019-07-08T16:10:18Z">
      <class name="mukesotwanidatadriven.ReadExcel">
        <test-method status="PASS" signature="start()[pri:0, instance:mukesotwanidatadriven.ReadExcel@3532ec19]" name="start" is-config="true" duration-ms="97211" started-at="2019-07-08T16:03:58Z" finished-at="2019-07-08T16:05:35Z">
          <reporter-output>
          </reporter-output>
        </test-method> <!-- start -->
        <test-method status="PASS" signature="dataone(java.lang.String, java.lang.String)[pri:0, instance:mukesotwanidatadriven.ReadExcel@3532ec19]" name="dataone" duration-ms="11685" started-at="2019-07-08T16:05:35Z" data-provider="wordpress" finished-at="2019-07-08T16:05:47Z">
          <params>
            <param index="0">
              <value>
                <![CDATA[yes]]>
              </value>
            </param>
            <param index="1">
              <value>
                <![CDATA[ok]]>
              </value>
            </param>
          </params>
          <reporter-output>
          </reporter-output>
        </test-method> <!-- dataone -->
        <test-method status="PASS" signature="teardown1()[pri:0, instance:mukesotwanidatadriven.ReadExcel@3532ec19]" name="teardown1" is-config="true" duration-ms="832" started-at="2019-07-08T16:05:47Z" finished-at="2019-07-08T16:05:47Z">
          <reporter-output>
          </reporter-output>
        </test-method> <!-- teardown1 -->
        <test-method status="PASS" signature="start()[pri:0, instance:mukesotwanidatadriven.ReadExcel@3532ec19]" name="start" is-config="true" duration-ms="13223" started-at="2019-07-08T16:05:47Z" finished-at="2019-07-08T16:06:01Z">
          <reporter-output>
          </reporter-output>
        </test-method> <!-- start -->
        <test-method status="PASS" signature="dataone(java.lang.String, java.lang.String)[pri:0, instance:mukesotwanidatadriven.ReadExcel@3532ec19]" name="dataone" duration-ms="6991" started-at="2019-07-08T16:06:01Z" data-provider="wordpress" finished-at="2019-07-08T16:06:08Z">
          <params>
            <param index="0">
              <value>
                <![CDATA[no]]>
              </value>
            </param>
            <param index="1">
              <value>
                <![CDATA[okies]]>
              </value>
            </param>
          </params>
          <reporter-output>
          </reporter-output>
        </test-method> <!-- dataone -->
        <test-method status="PASS" signature="teardown1()[pri:0, instance:mukesotwanidatadriven.ReadExcel@3532ec19]" name="teardown1" is-config="true" duration-ms="911" started-at="2019-07-08T16:06:08Z" finished-at="2019-07-08T16:06:08Z">
          <reporter-output>
          </reporter-output>
        </test-method> <!-- teardown1 -->
        <test-method status="PASS" signature="start()[pri:0, instance:mukesotwanidatadriven.ReadExcel@3532ec19]" name="start" is-config="true" duration-ms="14213" started-at="2019-07-08T16:06:08Z" finished-at="2019-07-08T16:06:23Z">
          <reporter-output>
          </reporter-output>
        </test-method> <!-- start -->
        <test-method status="PASS" signature="dataone(java.lang.String, java.lang.String)[pri:0, instance:mukesotwanidatadriven.ReadExcel@3532ec19]" name="dataone" duration-ms="6904" started-at="2019-07-08T16:06:23Z" data-provider="wordpress" finished-at="2019-07-08T16:06:30Z">
          <params>
            <param index="0">
              <value>
                <![CDATA[why]]>
              </value>
            </param>
            <param index="1">
              <value>
                <![CDATA[not]]>
              </value>
            </param>
          </params>
          <reporter-output>
          </reporter-output>
        </test-method> <!-- dataone -->
        <test-method status="PASS" signature="teardown1()[pri:0, instance:mukesotwanidatadriven.ReadExcel@3532ec19]" name="teardown1" is-config="true" duration-ms="823" started-at="2019-07-08T16:06:30Z" finished-at="2019-07-08T16:06:30Z">
          <reporter-output>
          </reporter-output>
        </test-method> <!-- teardown1 -->
        <test-method status="PASS" signature="start()[pri:0, instance:mukesotwanidatadriven.ReadExcel@3532ec19]" name="start" is-config="true" duration-ms="9897" started-at="2019-07-08T16:06:30Z" finished-at="2019-07-08T16:06:40Z">
          <reporter-output>
          </reporter-output>
        </test-method> <!-- start -->
        <test-method status="PASS" signature="dataone(java.lang.String, java.lang.String)[pri:0, instance:mukesotwanidatadriven.ReadExcel@3532ec19]" name="dataone" duration-ms="6487" started-at="2019-07-08T16:06:40Z" data-provider="wordpress" finished-at="2019-07-08T16:06:47Z">
          <params>
            <param index="0">
              <value>
                <![CDATA[one]]>
              </value>
            </param>
            <param index="1">
              <value>
                <![CDATA[two]]>
              </value>
            </param>
          </params>
          <reporter-output>
          </reporter-output>
        </test-method> <!-- dataone -->
        <test-method status="PASS" signature="teardown1()[pri:0, instance:mukesotwanidatadriven.ReadExcel@3532ec19]" name="teardown1" is-config="true" duration-ms="838" started-at="2019-07-08T16:06:47Z" finished-at="2019-07-08T16:06:48Z">
          <reporter-output>
          </reporter-output>
        </test-method> <!-- teardown1 -->
        <test-method status="PASS" signature="start()[pri:0, instance:mukesotwanidatadriven.ReadExcel@3532ec19]" name="start" is-config="true" duration-ms="13013" started-at="2019-07-08T16:06:48Z" finished-at="2019-07-08T16:07:01Z">
          <reporter-output>
          </reporter-output>
        </test-method> <!-- start -->
        <test-method status="PASS" signature="dataone(java.lang.String, java.lang.String)[pri:0, instance:mukesotwanidatadriven.ReadExcel@3532ec19]" name="dataone" duration-ms="6469" started-at="2019-07-08T16:07:01Z" data-provider="wordpress" finished-at="2019-07-08T16:07:07Z">
          <params>
            <param index="0">
              <value>
                <![CDATA[six]]>
              </value>
            </param>
            <param index="1">
              <value>
                <![CDATA[three]]>
              </value>
            </param>
          </params>
          <reporter-output>
          </reporter-output>
        </test-method> <!-- dataone -->
        <test-method status="PASS" signature="teardown1()[pri:0, instance:mukesotwanidatadriven.ReadExcel@3532ec19]" name="teardown1" is-config="true" duration-ms="825" started-at="2019-07-08T16:07:07Z" finished-at="2019-07-08T16:07:08Z">
          <reporter-output>
          </reporter-output>
        </test-method> <!-- teardown1 -->
        <test-method status="PASS" signature="start()[pri:0, instance:mukesotwanidatadriven.ReadExcel@3532ec19]" name="start" is-config="true" duration-ms="10388" started-at="2019-07-08T16:07:08Z" finished-at="2019-07-08T16:07:18Z">
          <reporter-output>
          </reporter-output>
        </test-method> <!-- start -->
        <test-method status="PASS" signature="dataone(java.lang.String, java.lang.String)[pri:0, instance:mukesotwanidatadriven.ReadExcel@3532ec19]" name="dataone" duration-ms="6434" started-at="2019-07-08T16:07:18Z" data-provider="wordpress" finished-at="2019-07-08T16:07:25Z">
          <params>
            <param index="0">
              <value>
                <![CDATA[seven]]>
              </value>
            </param>
            <param index="1">
              <value>
                <![CDATA[four]]>
              </value>
            </param>
          </params>
          <reporter-output>
          </reporter-output>
        </test-method> <!-- dataone -->
        <test-method status="PASS" signature="teardown1()[pri:0, instance:mukesotwanidatadriven.ReadExcel@3532ec19]" name="teardown1" is-config="true" duration-ms="892" started-at="2019-07-08T16:07:25Z" finished-at="2019-07-08T16:07:26Z">
          <reporter-output>
          </reporter-output>
        </test-method> <!-- teardown1 -->
        <test-method status="PASS" signature="start()[pri:0, instance:mukesotwanidatadriven.ReadExcel@3532ec19]" name="start" is-config="true" duration-ms="10988" started-at="2019-07-08T16:07:26Z" finished-at="2019-07-08T16:07:37Z">
          <reporter-output>
          </reporter-output>
        </test-method> <!-- start -->
        <test-method status="PASS" signature="dataone(java.lang.String, java.lang.String)[pri:0, instance:mukesotwanidatadriven.ReadExcel@3532ec19]" name="dataone" duration-ms="6470" started-at="2019-07-08T16:07:37Z" data-provider="wordpress" finished-at="2019-07-08T16:07:43Z">
          <params>
            <param index="0">
              <value>
                <![CDATA[eight]]>
              </value>
            </param>
            <param index="1">
              <value>
                <![CDATA[five]]>
              </value>
            </param>
          </params>
          <reporter-output>
          </reporter-output>
        </test-method> <!-- dataone -->
        <test-method status="PASS" signature="teardown1()[pri:0, instance:mukesotwanidatadriven.ReadExcel@3532ec19]" name="teardown1" is-config="true" duration-ms="915" started-at="2019-07-08T16:07:43Z" finished-at="2019-07-08T16:07:44Z">
          <reporter-output>
          </reporter-output>
        </test-method> <!-- teardown1 -->
        <test-method status="PASS" signature="start()[pri:0, instance:mukesotwanidatadriven.ReadExcel@3532ec19]" name="start" is-config="true" duration-ms="10528" started-at="2019-07-08T16:07:44Z" finished-at="2019-07-08T16:07:55Z">
          <reporter-output>
          </reporter-output>
        </test-method> <!-- start -->
        <test-method status="PASS" signature="dataone(java.lang.String, java.lang.String)[pri:0, instance:mukesotwanidatadriven.ReadExcel@3532ec19]" name="dataone" duration-ms="6531" started-at="2019-07-08T16:07:55Z" data-provider="wordpress" finished-at="2019-07-08T16:08:01Z">
          <params>
            <param index="0">
              <value>
                <![CDATA[eight]]>
              </value>
            </param>
            <param index="1">
              <value>
                <![CDATA[five]]>
              </value>
            </param>
          </params>
          <reporter-output>
          </reporter-output>
        </test-method> <!-- dataone -->
        <test-method status="PASS" signature="teardown1()[pri:0, instance:mukesotwanidatadriven.ReadExcel@3532ec19]" name="teardown1" is-config="true" duration-ms="1019" started-at="2019-07-08T16:08:01Z" finished-at="2019-07-08T16:08:02Z">
          <reporter-output>
          </reporter-output>
        </test-method> <!-- teardown1 -->
        <test-method status="PASS" signature="start()[pri:0, instance:mukesotwanidatadriven.ReadExcel@3532ec19]" name="start" is-config="true" duration-ms="10085" started-at="2019-07-08T16:08:02Z" finished-at="2019-07-08T16:08:12Z">
          <reporter-output>
          </reporter-output>
        </test-method> <!-- start -->
        <test-method status="PASS" signature="dataone(java.lang.String, java.lang.String)[pri:0, instance:mukesotwanidatadriven.ReadExcel@3532ec19]" name="dataone" duration-ms="6568" started-at="2019-07-08T16:08:12Z" data-provider="wordpress" finished-at="2019-07-08T16:08:19Z">
          <params>
            <param index="0">
              <value>
                <![CDATA[eight]]>
              </value>
            </param>
            <param index="1">
              <value>
                <![CDATA[five]]>
              </value>
            </param>
          </params>
          <reporter-output>
          </reporter-output>
        </test-method> <!-- dataone -->
        <test-method status="PASS" signature="teardown1()[pri:0, instance:mukesotwanidatadriven.ReadExcel@3532ec19]" name="teardown1" is-config="true" duration-ms="1323" started-at="2019-07-08T16:08:19Z" finished-at="2019-07-08T16:08:20Z">
          <reporter-output>
          </reporter-output>
        </test-method> <!-- teardown1 -->
        <test-method status="PASS" signature="start()[pri:0, instance:mukesotwanidatadriven.ReadExcel@3532ec19]" name="start" is-config="true" duration-ms="11283" started-at="2019-07-08T16:08:20Z" finished-at="2019-07-08T16:08:31Z">
          <reporter-output>
          </reporter-output>
        </test-method> <!-- start -->
        <test-method status="PASS" signature="dataone(java.lang.String, java.lang.String)[pri:0, instance:mukesotwanidatadriven.ReadExcel@3532ec19]" name="dataone" duration-ms="6493" started-at="2019-07-08T16:08:31Z" data-provider="wordpress" finished-at="2019-07-08T16:08:38Z">
          <params>
            <param index="0">
              <value>
                <![CDATA[eight]]>
              </value>
            </param>
            <param index="1">
              <value>
                <![CDATA[five]]>
              </value>
            </param>
          </params>
          <reporter-output>
          </reporter-output>
        </test-method> <!-- dataone -->
        <test-method status="PASS" signature="teardown1()[pri:0, instance:mukesotwanidatadriven.ReadExcel@3532ec19]" name="teardown1" is-config="true" duration-ms="813" started-at="2019-07-08T16:08:38Z" finished-at="2019-07-08T16:08:39Z">
          <reporter-output>
          </reporter-output>
        </test-method> <!-- teardown1 -->
        <test-method status="PASS" signature="start()[pri:0, instance:mukesotwanidatadriven.ReadExcel@3532ec19]" name="start" is-config="true" duration-ms="10538" started-at="2019-07-08T16:08:39Z" finished-at="2019-07-08T16:08:49Z">
          <reporter-output>
          </reporter-output>
        </test-method> <!-- start -->
        <test-method status="PASS" signature="dataone(java.lang.String, java.lang.String)[pri:0, instance:mukesotwanidatadriven.ReadExcel@3532ec19]" name="dataone" duration-ms="6470" started-at="2019-07-08T16:08:49Z" data-provider="wordpress" finished-at="2019-07-08T16:08:56Z">
          <params>
            <param index="0">
              <value>
                <![CDATA[eight]]>
              </value>
            </param>
            <param index="1">
              <value>
                <![CDATA[five]]>
              </value>
            </param>
          </params>
          <reporter-output>
          </reporter-output>
        </test-method> <!-- dataone -->
        <test-method status="PASS" signature="teardown1()[pri:0, instance:mukesotwanidatadriven.ReadExcel@3532ec19]" name="teardown1" is-config="true" duration-ms="866" started-at="2019-07-08T16:08:56Z" finished-at="2019-07-08T16:08:57Z">
          <reporter-output>
          </reporter-output>
        </test-method> <!-- teardown1 -->
        <test-method status="PASS" signature="start()[pri:0, instance:mukesotwanidatadriven.ReadExcel@3532ec19]" name="start" is-config="true" duration-ms="10917" started-at="2019-07-08T16:08:57Z" finished-at="2019-07-08T16:09:07Z">
          <reporter-output>
          </reporter-output>
        </test-method> <!-- start -->
        <test-method status="PASS" signature="dataone(java.lang.String, java.lang.String)[pri:0, instance:mukesotwanidatadriven.ReadExcel@3532ec19]" name="dataone" duration-ms="6504" started-at="2019-07-08T16:09:07Z" data-provider="wordpress" finished-at="2019-07-08T16:09:14Z">
          <params>
            <param index="0">
              <value>
                <![CDATA[eight]]>
              </value>
            </param>
            <param index="1">
              <value>
                <![CDATA[five]]>
              </value>
            </param>
          </params>
          <reporter-output>
          </reporter-output>
        </test-method> <!-- dataone -->
        <test-method status="PASS" signature="teardown1()[pri:0, instance:mukesotwanidatadriven.ReadExcel@3532ec19]" name="teardown1" is-config="true" duration-ms="869" started-at="2019-07-08T16:09:14Z" finished-at="2019-07-08T16:09:15Z">
          <reporter-output>
          </reporter-output>
        </test-method> <!-- teardown1 -->
        <test-method status="PASS" signature="start()[pri:0, instance:mukesotwanidatadriven.ReadExcel@3532ec19]" name="start" is-config="true" duration-ms="12361" started-at="2019-07-08T16:09:15Z" finished-at="2019-07-08T16:09:27Z">
          <reporter-output>
          </reporter-output>
        </test-method> <!-- start -->
        <test-method status="PASS" signature="dataone(java.lang.String, java.lang.String)[pri:0, instance:mukesotwanidatadriven.ReadExcel@3532ec19]" name="dataone" duration-ms="6489" started-at="2019-07-08T16:09:27Z" data-provider="wordpress" finished-at="2019-07-08T16:09:34Z">
          <params>
            <param index="0">
              <value>
                <![CDATA[eight]]>
              </value>
            </param>
            <param index="1">
              <value>
                <![CDATA[five]]>
              </value>
            </param>
          </params>
          <reporter-output>
          </reporter-output>
        </test-method> <!-- dataone -->
        <test-method status="PASS" signature="teardown1()[pri:0, instance:mukesotwanidatadriven.ReadExcel@3532ec19]" name="teardown1" is-config="true" duration-ms="1270" started-at="2019-07-08T16:09:34Z" finished-at="2019-07-08T16:09:35Z">
          <reporter-output>
          </reporter-output>
        </test-method> <!-- teardown1 -->
        <test-method status="PASS" signature="start()[pri:0, instance:mukesotwanidatadriven.ReadExcel@3532ec19]" name="start" is-config="true" duration-ms="10667" started-at="2019-07-08T16:09:35Z" finished-at="2019-07-08T16:09:46Z">
          <reporter-output>
          </reporter-output>
        </test-method> <!-- start -->
        <test-method status="PASS" signature="dataone(java.lang.String, java.lang.String)[pri:0, instance:mukesotwanidatadriven.ReadExcel@3532ec19]" name="dataone" duration-ms="6562" started-at="2019-07-08T16:09:46Z" data-provider="wordpress" finished-at="2019-07-08T16:09:52Z">
          <params>
            <param index="0">
              <value>
                <![CDATA[eight]]>
              </value>
            </param>
            <param index="1">
              <value>
                <![CDATA[five]]>
              </value>
            </param>
          </params>
          <reporter-output>
          </reporter-output>
        </test-method> <!-- dataone -->
        <test-method status="PASS" signature="teardown1()[pri:0, instance:mukesotwanidatadriven.ReadExcel@3532ec19]" name="teardown1" is-config="true" duration-ms="1760" started-at="2019-07-08T16:09:52Z" finished-at="2019-07-08T16:09:54Z">
          <reporter-output>
          </reporter-output>
        </test-method> <!-- teardown1 -->
        <test-method status="PASS" signature="start()[pri:0, instance:mukesotwanidatadriven.ReadExcel@3532ec19]" name="start" is-config="true" duration-ms="16637" started-at="2019-07-08T16:09:54Z" finished-at="2019-07-08T16:10:11Z">
          <reporter-output>
          </reporter-output>
        </test-method> <!-- start -->
        <test-method status="PASS" signature="dataone(java.lang.String, java.lang.String)[pri:0, instance:mukesotwanidatadriven.ReadExcel@3532ec19]" name="dataone" duration-ms="6546" started-at="2019-07-08T16:10:11Z" data-provider="wordpress" finished-at="2019-07-08T16:10:17Z">
          <params>
            <param index="0">
              <value>
                <![CDATA[eight]]>
              </value>
            </param>
            <param index="1">
              <value>
                <![CDATA[five]]>
              </value>
            </param>
          </params>
          <reporter-output>
          </reporter-output>
        </test-method> <!-- dataone -->
        <test-method status="PASS" signature="teardown1()[pri:0, instance:mukesotwanidatadriven.ReadExcel@3532ec19]" name="teardown1" is-config="true" duration-ms="814" started-at="2019-07-08T16:10:17Z" finished-at="2019-07-08T16:10:18Z">
          <reporter-output>
          </reporter-output>
        </test-method> <!-- teardown1 -->
      </class> <!-- mukesotwanidatadriven.ReadExcel -->
    </test> <!-- Default test -->
  </suite> <!-- Default suite -->
</testng-results>
